[2023-03-23 14:57:29] Error message: Error!! | File: /Applications/MAMP/htdocs/natashop/public/index.php | Line: 11
=================
[2023-03-23 14:59:09] Error message: Undefined variable $test | File: /Applications/MAMP/htdocs/natashop/public/index.php | Line: 13
=================
[2023-03-23 15:00:43] Error message: Undefined variable $test | File: /Applications/MAMP/htdocs/natashop/public/index.php | Line: 13
=================
[2023-03-23 15:01:02] Error message: Error!! | File: /Applications/MAMP/htdocs/natashop/public/index.php | Line: 11
=================
[2023-03-23 15:01:02] Error message: Error!! | File: /Applications/MAMP/htdocs/natashop/public/index.php | Line: 11
=================
[2023-03-23 15:01:10] Error message: Error!! | File: /Applications/MAMP/htdocs/natashop/public/index.php | Line: 11
=================
[2023-03-24 17:18:03] Error message: Error!! | File: /Applications/MAMP/htdocs/natashop/public/index.php | Line: 11
=================
[2023-03-24 17:18:03] Error message: Error!! | File: /Applications/MAMP/htdocs/natashop/public/index.php | Line: 11
=================
[2023-03-24 17:18:10] Error message: Error!! | File: /Applications/MAMP/htdocs/natashop/public/index.php | Line: 11
=================
[2023-03-24 17:18:12] Error message: Error!! | File: /Applications/MAMP/htdocs/natashop/public/index.php | Line: 11
=================
[2023-03-24 17:18:13] Error message: Error!! | File: /Applications/MAMP/htdocs/natashop/public/index.php | Line: 11
=================
[2023-03-24 17:18:13] Error message: Error!! | File: /Applications/MAMP/htdocs/natashop/public/index.php | Line: 11
=================
[2023-03-24 17:18:38] Error message: Error!! | File: /Applications/MAMP/htdocs/natashop/public/index.php | Line: 11
=================
[2023-03-24 17:18:38] Error message: Error!! | File: /Applications/MAMP/htdocs/natashop/public/index.php | Line: 11
=================
[2023-03-24 17:18:38] Error message: Error!! | File: /Applications/MAMP/htdocs/natashop/public/index.php | Line: 11
=================
[2023-03-24 17:18:38] Error message: Error!! | File: /Applications/MAMP/htdocs/natashop/public/index.php | Line: 11
=================
[2023-03-24 17:18:48] Error message: Error!! | File: /Applications/MAMP/htdocs/natashop/public/index.php | Line: 11
=================
[2023-03-24 17:18:48] Error message: Error!! | File: /Applications/MAMP/htdocs/natashop/public/index.php | Line: 11
=================
[2023-03-24 17:18:48] Error message: Error!! | File: /Applications/MAMP/htdocs/natashop/public/index.php | Line: 11
=================
[2023-03-24 17:18:48] Error message: Error!! | File: /Applications/MAMP/htdocs/natashop/public/index.php | Line: 11
=================
[2023-03-24 17:19:56] Error message: Error!! | File: /Applications/MAMP/htdocs/natashop/public/index.php | Line: 11
=================
[2023-03-24 17:19:56] Error message: Error!! | File: /Applications/MAMP/htdocs/natashop/public/index.php | Line: 11
=================
[2023-03-24 17:20:17] Error message: Error!! | File: /Applications/MAMP/htdocs/natashop/public/index.php | Line: 11
=================
[2023-03-24 17:20:17] Error message: Error!! | File: /Applications/MAMP/htdocs/natashop/public/index.php | Line: 11
=================
[2023-03-24 17:20:54] Error message: Error!! | File: /Applications/MAMP/htdocs/natashop/public/index.php | Line: 11
=================
[2023-03-24 17:20:54] Error message: Error!! | File: /Applications/MAMP/htdocs/natashop/public/index.php | Line: 11
=================
[2023-03-24 17:20:55] Error message: Error!! | File: /Applications/MAMP/htdocs/natashop/public/index.php | Line: 11
=================
[2023-03-24 17:20:55] Error message: Error!! | File: /Applications/MAMP/htdocs/natashop/public/index.php | Line: 11
=================
[2023-03-24 17:21:05] Error message: Error!! | File: /Applications/MAMP/htdocs/natashop/public/index.php | Line: 11
=================
[2023-03-24 17:21:05] Error message: Error!! | File: /Applications/MAMP/htdocs/natashop/public/index.php | Line: 11
=================
[2023-03-24 17:21:31] Error message: Error!! | File: /Applications/MAMP/htdocs/natashop/public/index.php | Line: 11
=================
[2023-03-24 17:21:31] Error message: Error!! | File: /Applications/MAMP/htdocs/natashop/public/index.php | Line: 11
=================
[2023-03-24 17:21:31] Error message: Error!! | File: /Applications/MAMP/htdocs/natashop/public/index.php | Line: 11
=================
[2023-03-24 17:21:31] Error message: Error!! | File: /Applications/MAMP/htdocs/natashop/public/index.php | Line: 11
=================
[2023-03-24 17:22:03] Error message: Error!! | File: /Applications/MAMP/htdocs/natashop/public/index.php | Line: 11
=================
[2023-03-24 17:22:03] Error message: Error!! | File: /Applications/MAMP/htdocs/natashop/public/index.php | Line: 11
=================
[2023-03-24 17:22:07] Error message: Error!! | File: /Applications/MAMP/htdocs/natashop/public/index.php | Line: 11
=================
[2023-03-24 17:22:07] Error message: Error!! | File: /Applications/MAMP/htdocs/natashop/public/index.php | Line: 11
=================
[2023-03-24 17:23:46] Error message: Error!! | File: /Applications/MAMP/htdocs/natashop/public/index.php | Line: 11
=================
[2023-03-24 17:23:46] Error message: Error!! | File: /Applications/MAMP/htdocs/natashop/public/index.php | Line: 11
=================
[2023-03-24 17:23:53] Error message: Error!! | File: /Applications/MAMP/htdocs/natashop/public/index.php | Line: 11
=================
[2023-03-24 17:23:53] Error message: Error!! | File: /Applications/MAMP/htdocs/natashop/public/index.php | Line: 11
=================
[2023-03-24 17:24:13] Error message: Error!! | File: /Applications/MAMP/htdocs/natashop/public/index.php | Line: 11
=================
[2023-03-24 17:24:13] Error message: Error!! | File: /Applications/MAMP/htdocs/natashop/public/index.php | Line: 11
=================
[2023-03-24 17:24:25] Error message: Error!! | File: /Applications/MAMP/htdocs/natashop/public/index.php | Line: 11
=================
[2023-03-24 17:24:25] Error message: Error!! | File: /Applications/MAMP/htdocs/natashop/public/index.php | Line: 11
=================
[2023-03-24 17:24:32] Error message: Error!! | File: /Applications/MAMP/htdocs/natashop/public/index.php | Line: 11
=================
[2023-03-24 17:24:32] Error message: Error!! | File: /Applications/MAMP/htdocs/natashop/public/index.php | Line: 11
=================
[2023-03-24 17:25:50] Error message: Error!! | File: /Applications/MAMP/htdocs/natashop/public/index.php | Line: 11
=================
[2023-03-24 17:27:58] Error message: Error!! | File: /Applications/MAMP/htdocs/natashop/public/index.php | Line: 11
=================
[2023-03-24 17:29:05] Error message: Error!! | File: /Applications/MAMP/htdocs/natashop/public/index.php | Line: 11
=================
[2023-03-24 17:29:05] Error message: Error!! | File: /Applications/MAMP/htdocs/natashop/public/index.php | Line: 11
=================
[2023-03-24 17:30:36] Error message: Error!! | File: /Applications/MAMP/htdocs/natashop/public/index.php | Line: 11
=================
[2023-03-24 17:30:36] Error message: Error!! | File: /Applications/MAMP/htdocs/natashop/public/index.php | Line: 11
=================
[2023-03-24 17:31:01] Error message: Error!! | File: /Applications/MAMP/htdocs/natashop/public/index.php | Line: 11
=================
[2023-03-24 17:31:01] Error message: Error!! | File: /Applications/MAMP/htdocs/natashop/public/index.php | Line: 11
=================
[2023-03-24 17:31:09] Error message: Error!! | File: /Applications/MAMP/htdocs/natashop/public/index.php | Line: 11
=================
[2023-03-24 17:31:09] Error message: Error!! | File: /Applications/MAMP/htdocs/natashop/public/index.php | Line: 11
=================
[2023-03-24 17:31:15] Error message: Error!! | File: /Applications/MAMP/htdocs/natashop/public/index.php | Line: 11
=================
[2023-03-24 17:31:15] Error message: Error!! | File: /Applications/MAMP/htdocs/natashop/public/index.php | Line: 11
=================
[2023-03-24 17:31:21] Error message: Error!! | File: /Applications/MAMP/htdocs/natashop/public/index.php | Line: 11
=================
[2023-03-24 17:31:21] Error message: Error!! | File: /Applications/MAMP/htdocs/natashop/public/index.php | Line: 11
=================
[2023-03-24 17:31:32] Error message: Error!! | File: /Applications/MAMP/htdocs/natashop/public/index.php | Line: 11
=================
[2023-03-24 17:31:32] Error message: Error!! | File: /Applications/MAMP/htdocs/natashop/public/index.php | Line: 11
=================
[2023-03-24 17:31:36] Error message: Error!! | File: /Applications/MAMP/htdocs/natashop/public/index.php | Line: 11
=================
[2023-03-24 17:31:36] Error message: Error!! | File: /Applications/MAMP/htdocs/natashop/public/index.php | Line: 11
=================
[2023-03-24 17:31:45] Error message: Error!! | File: /Applications/MAMP/htdocs/natashop/public/index.php | Line: 11
=================
[2023-03-24 17:31:45] Error message: Error!! | File: /Applications/MAMP/htdocs/natashop/public/index.php | Line: 11
=================
[2023-03-24 17:31:51] Error message: Error!! | File: /Applications/MAMP/htdocs/natashop/public/index.php | Line: 11
=================
[2023-03-24 17:31:51] Error message: Error!! | File: /Applications/MAMP/htdocs/natashop/public/index.php | Line: 11
=================
[2023-03-24 17:31:57] Error message: Error!! | File: /Applications/MAMP/htdocs/natashop/public/index.php | Line: 11
=================
[2023-03-24 17:31:57] Error message: Error!! | File: /Applications/MAMP/htdocs/natashop/public/index.php | Line: 11
=================
[2023-03-24 17:32:01] Error message: Error!! | File: /Applications/MAMP/htdocs/natashop/public/index.php | Line: 11
=================
[2023-03-24 17:32:01] Error message: Error!! | File: /Applications/MAMP/htdocs/natashop/public/index.php | Line: 11
=================
[2023-03-24 17:32:35] Error message: Error!! | File: /Applications/MAMP/htdocs/natashop/public/index.php | Line: 11
=================
[2023-03-24 17:32:35] Error message: Error!! | File: /Applications/MAMP/htdocs/natashop/public/index.php | Line: 11
=================
[2023-03-24 17:32:59] Error message: Error!! | File: /Applications/MAMP/htdocs/natashop/public/index.php | Line: 11
=================
[2023-03-24 17:32:59] Error message: Error!! | File: /Applications/MAMP/htdocs/natashop/public/index.php | Line: 11
=================
[2023-03-24 17:33:39] Error message: Error!! | File: /Applications/MAMP/htdocs/natashop/public/index.php | Line: 11
=================
[2023-03-24 17:33:39] Error message: Error!! | File: /Applications/MAMP/htdocs/natashop/public/index.php | Line: 11
=================
[2023-03-24 17:33:57] Error message: Error!! | File: /Applications/MAMP/htdocs/natashop/public/index.php | Line: 11
=================
[2023-03-24 17:33:57] Error message: Error!! | File: /Applications/MAMP/htdocs/natashop/public/index.php | Line: 11
=================
[2023-03-24 17:34:13] Error message: Error!! | File: /Applications/MAMP/htdocs/natashop/public/index.php | Line: 11
=================
[2023-03-24 17:34:13] Error message: Error!! | File: /Applications/MAMP/htdocs/natashop/public/index.php | Line: 11
=================
[2023-03-24 17:34:39] Error message: Error!! | File: /Applications/MAMP/htdocs/natashop/public/index.php | Line: 11
=================
[2023-03-24 17:34:39] Error message: Error!! | File: /Applications/MAMP/htdocs/natashop/public/index.php | Line: 11
=================
[2023-03-24 17:35:09] Error message: Error!! | File: /Applications/MAMP/htdocs/natashop/public/index.php | Line: 11
=================
[2023-03-24 17:35:09] Error message: Error!! | File: /Applications/MAMP/htdocs/natashop/public/index.php | Line: 11
=================
[2023-03-24 17:35:19] Error message: Error!! | File: /Applications/MAMP/htdocs/natashop/public/index.php | Line: 11
=================
[2023-03-24 17:35:19] Error message: Error!! | File: /Applications/MAMP/htdocs/natashop/public/index.php | Line: 11
=================
[2023-03-24 17:35:26] Error message: Error!! | File: /Applications/MAMP/htdocs/natashop/public/index.php | Line: 11
=================
[2023-03-24 17:35:26] Error message: Error!! | File: /Applications/MAMP/htdocs/natashop/public/index.php | Line: 11
=================
[2023-03-24 17:35:31] Error message: Error!! | File: /Applications/MAMP/htdocs/natashop/public/index.php | Line: 11
=================
[2023-03-24 17:35:31] Error message: Error!! | File: /Applications/MAMP/htdocs/natashop/public/index.php | Line: 11
=================
[2023-03-24 17:35:35] Error message: Error!! | File: /Applications/MAMP/htdocs/natashop/public/index.php | Line: 11
=================
[2023-03-24 20:15:20] Error message: Error!! | File: /Applications/MAMP/htdocs/natashop/public/index.php | Line: 11
=================
[2023-03-24 20:15:20] Error message: Error!! | File: /Applications/MAMP/htdocs/natashop/public/index.php | Line: 11
=================
[2023-03-24 20:15:26] Error message: Error!! | File: /Applications/MAMP/htdocs/natashop/public/index.php | Line: 11
=================
[2023-03-25 10:24:12] Error message: Error!! | File: /Applications/MAMP/htdocs/natashop/public/index.php | Line: 11
=================
[2023-03-25 10:24:19] Error message: Error!! | File: /Applications/MAMP/htdocs/natashop/public/index.php | Line: 11
=================
[2023-03-25 10:25:36] Error message: Error!! | File: /Applications/MAMP/htdocs/natashop/public/index.php | Line: 11
=================
[2023-03-25 10:25:45] Error message: Error!! | File: /Applications/MAMP/htdocs/natashop/public/index.php | Line: 11
=================
[2023-03-25 10:25:54] Error message: Error!! | File: /Applications/MAMP/htdocs/natashop/public/index.php | Line: 11
=================
[2023-03-25 10:25:55] Error message: Error!! | File: /Applications/MAMP/htdocs/natashop/public/index.php | Line: 11
=================
[2023-03-25 10:26:03] Error message: Error!! | File: /Applications/MAMP/htdocs/natashop/public/index.php | Line: 11
=================
[2023-03-25 10:26:14] Error message: Error!! | File: /Applications/MAMP/htdocs/natashop/public/index.php | Line: 11
=================
[2023-03-25 10:26:22] Error message: Error!! | File: /Applications/MAMP/htdocs/natashop/public/index.php | Line: 11
=================
[2023-03-27 09:29:33] Error message: Error!! | File: /Applications/MAMP/htdocs/natashop/public/index.php | Line: 11
=================
[2023-03-28 12:48:29] Error message: Controller app\controllers\admin\MainController not found | File: /Applications/MAMP/htdocs/natashop/vendor/wfm/Router.php | Line: 34
=================
[2023-03-28 12:48:42] Error message: Controller app\controllers\admin\MainController not found | File: /Applications/MAMP/htdocs/natashop/vendor/wfm/Router.php | Line: 34
=================
[2023-03-28 12:49:27] Error message: Controller app\controllers\admin\MainController not found | File: /Applications/MAMP/htdocs/natashop/vendor/wfm/Router.php | Line: 34
=================
[2023-03-28 12:49:28] Error message: Controller app\controllers\MainController not found | File: /Applications/MAMP/htdocs/natashop/vendor/wfm/Router.php | Line: 34
=================
[2023-03-28 12:49:32] Error message: Page not found | File: /Applications/MAMP/htdocs/natashop/vendor/wfm/Router.php | Line: 37
=================
[2023-03-28 12:49:37] Error message: Controller app\controllers\MainController not found | File: /Applications/MAMP/htdocs/natashop/vendor/wfm/Router.php | Line: 34
=================
[2023-03-28 12:49:42] Error message: Controller app\controllers\MainController not found | File: /Applications/MAMP/htdocs/natashop/vendor/wfm/Router.php | Line: 34
=================
[2023-03-28 12:49:55] Error message: Controller app\controllers\ProductController not found | File: /Applications/MAMP/htdocs/natashop/vendor/wfm/Router.php | Line: 34
=================
[2023-03-28 12:51:55] Error message: Controller app\controllers\ProductController not found | File: /Applications/MAMP/htdocs/natashop/vendor/wfm/Router.php | Line: 38
=================
[2023-03-28 12:52:08] Error message: Controller app\controllers\MainController not found | File: /Applications/MAMP/htdocs/natashop/vendor/wfm/Router.php | Line: 38
=================
[2023-03-28 12:53:39] Error message: Method app\controllers\MainController::indexAction not found | File: /Applications/MAMP/htdocs/natashop/vendor/wfm/Router.php | Line: 35
=================
[2023-03-28 12:54:44] Error message: syntax error, unexpected token "::", expecting "(" | File: /Applications/MAMP/htdocs/natashop/app/controllers/MainController.php | Line: 9
=================
[2023-03-28 12:54:52] Error message: syntax error, unexpected token ":", expecting "(" | File: /Applications/MAMP/htdocs/natashop/app/controllers/MainController.php | Line: 9
=================
[2023-03-28 12:55:56] Error message: Controller app\controllers\PageController not found | File: /Applications/MAMP/htdocs/natashop/vendor/wfm/Router.php | Line: 38
=================
[2023-03-28 12:57:20] Error message: Method app\controllers\PageController::viewAction not found | File: /Applications/MAMP/htdocs/natashop/vendor/wfm/Router.php | Line: 35
=================
[2023-03-28 12:59:42] Error message: Controller app\controllers\admin\PageController not found | File: /Applications/MAMP/htdocs/natashop/vendor/wfm/Router.php | Line: 38
=================
[2023-03-28 12:59:54] Error message: Controller app\controllers\admin\ViewController not found | File: /Applications/MAMP/htdocs/natashop/vendor/wfm/Router.php | Line: 38
=================
[2023-03-28 12:59:59] Error message: Method app\controllers\admin\MainController::indexAction not found | File: /Applications/MAMP/htdocs/natashop/vendor/wfm/Router.php | Line: 35
=================
[2023-03-28 13:06:41] Error message: Page not found | File: /Applications/MAMP/htdocs/natashop/vendor/wfm/Router.php | Line: 42
=================
[2023-03-28 13:15:41] Error message: preg_match(): Argument #2 ($subject) must be of type string, array given | File: /Applications/MAMP/htdocs/natashop/vendor/wfm/Router.php | Line: 65
=================
[2023-03-29 17:14:16] Error message: Call to undefined method app\controllers\PageController::getModel() | File: /Applications/MAMP/htdocs/natashop/vendor/wfm/Router.php | Line: 46
=================
[2023-03-29 17:14:53] Error message: Call to undefined method app\controllers\admin\MainController::getModel() | File: /Applications/MAMP/htdocs/natashop/vendor/wfm/Router.php | Line: 46
=================
[2023-03-29 18:46:46] Error message: Call to undefined method app\controllers\admin\MainController::getModel() | File: /Applications/MAMP/htdocs/natashop/vendor/wfm/Router.php | Line: 46
=================
[2023-03-30 17:09:28] Error message: Undefined property: wfm\View::$ | File: /Applications/MAMP/htdocs/natashop/vendor/wfm/View.php | Line: 16
=================
[2023-03-30 17:10:21] Error message: Undefined property: wfm\View::$ | File: /Applications/MAMP/htdocs/natashop/vendor/wfm/View.php | Line: 16
=================
[2023-03-30 17:20:13] Error message: View not found /Applications/MAMP/htdocs/natashop/app/views/Main/index.php | File: /Applications/MAMP/htdocs/natashop/vendor/wfm/View.php | Line: 30
=================
[2023-03-30 17:21:32] Error message: View not found /Applications/MAMP/htdocs/natashop/app/views/Main/index.php | File: /Applications/MAMP/htdocs/natashop/vendor/wfm/View.php | Line: 30
=================
[2023-03-30 17:30:16] Error message: Layout not found/Applications/MAMP/htdocs/natashop/app/views/layouts/nshop.php | File: /Applications/MAMP/htdocs/natashop/vendor/wfm/View.php | Line: 40
=================
[2023-03-30 17:32:05] Error message: Layout not found/Applications/MAMP/htdocs/natashop/app/views/layouts/test2.php | File: /Applications/MAMP/htdocs/natashop/vendor/wfm/View.php | Line: 40
=================
[2023-03-30 17:45:32] Error message: Layout not found/Applications/MAMP/htdocs/natashop/app/views/layouts/test2.php | File: /Applications/MAMP/htdocs/natashop/vendor/wfm/View.php | Line: 40
=================
[2023-03-30 17:46:20] Error message: Page not found | File: /Applications/MAMP/htdocs/natashop/vendor/wfm/Router.php | Line: 59
=================
[2023-03-30 17:52:43] Error message: Layout not found/Applications/MAMP/htdocs/natashop/app/views/layouts/test.php | File: /Applications/MAMP/htdocs/natashop/vendor/wfm/View.php | Line: 40
=================
[2023-03-30 18:43:35] Error message: View not found /Applications/MAMP/htdocs/natashop/app/views/admin/Main/index.php | File: /Applications/MAMP/htdocs/natashop/vendor/wfm/View.php | Line: 32
=================
[2023-03-30 18:47:06] Error message: View not found /Applications/MAMP/htdocs/natashop/app/views/admin/Main/index.php | File: /Applications/MAMP/htdocs/natashop/vendor/wfm/View.php | Line: 32
=================
[2023-03-30 18:47:08] Error message: View not found /Applications/MAMP/htdocs/natashop/app/views/admin/Main/index.php | File: /Applications/MAMP/htdocs/natashop/vendor/wfm/View.php | Line: 32
=================
[2023-03-31 18:20:05] Error message: Undefined variable $test | File: /Applications/MAMP/htdocs/natashop/app/views/Main/index.php | Line: 3
=================
[2023-04-03 15:20:06] Error message: require_once(/Applications/MAMP/htdocs/natashop/config/config_db.php): Failed to open stream: No such file or directory | File: /Applications/MAMP/htdocs/natashop/vendor/wfm/Db.php | Line: 13
=================
[2023-04-03 15:22:14] Error message: require_once(/Applications/MAMP/htdocs/natashop/config/config_db.php): Failed to open stream: No such file or directory | File: /Applications/MAMP/htdocs/natashop/vendor/wfm/Db.php | Line: 16
=================
[2023-04-03 15:22:15] Error message: require_once(/Applications/MAMP/htdocs/natashop/config/config_db.php): Failed to open stream: No such file or directory | File: /Applications/MAMP/htdocs/natashop/vendor/wfm/Db.php | Line: 16
=================
[2023-04-03 15:22:41] Error message: require_once(/Applications/MAMP/htdocs/natashop/config/config_db.php): Failed to open stream: No such file or directory | File: /Applications/MAMP/htdocs/natashop/vendor/wfm/Db.php | Line: 13
=================
[2023-04-03 15:58:05] Error message: Page not found | File: /Applications/MAMP/htdocs/natashop/vendor/wfm/Router.php | Line: 59
=================
[2023-04-03 16:26:18] Error message: require_once(/Applications/MAMP/htdocs/natashop/config/config_db.php): Failed to open stream: No such file or directory | File: /Applications/MAMP/htdocs/natashop/vendor/wfm/Db.php | Line: 13
=================
[2023-04-03 16:26:24] Error message: require_once(/Applications/MAMP/htdocs/natashop/config/config_db.php): Failed to open stream: No such file or directory | File: /Applications/MAMP/htdocs/natashop/vendor/wfm/Db.php | Line: 13
=================
[2023-04-03 16:27:25] Error message: require_once(/Applications/MAMP/htdocs/natashop/config/config_db.php): Failed to open stream: No such file or directory | File: /Applications/MAMP/htdocs/natashop/vendor/wfm/Db.php | Line: 13
=================
[2023-04-03 16:28:01] Error message: require_once(/Applications/MAMP/htdocs/natashop/config/config_db.php): Failed to open stream: No such file or directory | File: /Applications/MAMP/htdocs/natashop/vendor/wfm/Db.php | Line: 13
=================
[2023-04-03 16:28:01] Error message: require_once(/Applications/MAMP/htdocs/natashop/config/config_db.php): Failed to open stream: No such file or directory | File: /Applications/MAMP/htdocs/natashop/vendor/wfm/Db.php | Line: 13
=================
[2023-04-03 16:28:39] Error message: require_once(/Applications/MAMP/htdocs/natashop/config/config_db.php): Failed to open stream: No such file or directory | File: /Applications/MAMP/htdocs/natashop/vendor/wfm/Db.php | Line: 13
=================
[2023-04-03 16:28:40] Error message: require_once(/Applications/MAMP/htdocs/natashop/config/config_db.php): Failed to open stream: No such file or directory | File: /Applications/MAMP/htdocs/natashop/vendor/wfm/Db.php | Line: 13
=================
[2023-04-03 16:28:42] Error message: require_once(/Applications/MAMP/htdocs/natashop/config/config_db.php): Failed to open stream: No such file or directory | File: /Applications/MAMP/htdocs/natashop/vendor/wfm/Db.php | Line: 13
=================
[2023-04-03 16:30:37] Error message: require_once(/Applications/MAMP/htdocs/natashop/config/config_db.php): Failed to open stream: No such file or directory | File: /Applications/MAMP/htdocs/natashop/vendor/wfm/Db.php | Line: 13
=================
[2023-04-03 16:30:38] Error message: require_once(/Applications/MAMP/htdocs/natashop/config/config_db.php): Failed to open stream: No such file or directory | File: /Applications/MAMP/htdocs/natashop/vendor/wfm/Db.php | Line: 13
=================
[2023-04-03 16:32:20] Error message: require_once(/Applications/MAMP/htdocs/natashop/config/config_db.php): Failed to open stream: No such file or directory | File: /Applications/MAMP/htdocs/natashop/vendor/wfm/Db.php | Line: 16
=================
[2023-04-03 16:33:05] Error message: require_once(/Applications/MAMP/htdocs/natashop/config/config_db.php): Failed to open stream: No such file or directory | File: /Applications/MAMP/htdocs/natashop/vendor/wfm/Db.php | Line: 16
=================
[2023-04-03 16:33:29] Error message: require_once(/Applications/MAMP/htdocs/natashop/config/config/config_db.php): Failed to open stream: No such file or directory | File: /Applications/MAMP/htdocs/natashop/vendor/wfm/Db.php | Line: 16
=================
[2023-04-03 16:33:36] Error message: require_once(/Applications/MAMP/htdocs/natashop/configconfig_db.php): Failed to open stream: No such file or directory | File: /Applications/MAMP/htdocs/natashop/vendor/wfm/Db.php | Line: 16
=================
[2023-04-03 16:34:24] Error message: Cannot assign app\models\Main to property wfm\Controller::$model of type string | File: /Applications/MAMP/htdocs/natashop/vendor/wfm/Controller.php | Line: 29
=================
[2023-04-03 16:35:57] Error message: Cannot assign app\models\Main to property wfm\Controller::$model of type string | File: /Applications/MAMP/htdocs/natashop/vendor/wfm/Controller.php | Line: 29
=================
[2023-04-03 16:36:44] Error message: Cannot assign app\models\Main to property wfm\Controller::$model of type string | File: /Applications/MAMP/htdocs/natashop/vendor/wfm/Controller.php | Line: 29
=================
[2023-04-03 16:37:19] Error message: Cannot assign app\models\Main to property wfm\Controller::$model of type string | File: /Applications/MAMP/htdocs/natashop/vendor/wfm/Controller.php | Line: 27
=================
[2023-04-03 16:37:32] Error message: Cannot assign app\models\Main to property wfm\Controller::$model of type string | File: /Applications/MAMP/htdocs/natashop/vendor/wfm/Controller.php | Line: 27
=================
[2023-04-03 16:38:37] Error message: Cannot assign app\models\Main to property wfm\Controller::$model of type string | File: /Applications/MAMP/htdocs/natashop/vendor/wfm/Controller.php | Line: 27
=================
[2023-04-03 17:33:48] Error message: Page not found | File: /Applications/MAMP/htdocs/natashop/vendor/wfm/Router.php | Line: 59
=================
[2023-04-03 17:34:00] Error message: Page not found | File: /Applications/MAMP/htdocs/natashop/vendor/wfm/Router.php | Line: 59
=================
[2023-04-03 17:34:13] Error message: Page not found | File: /Applications/MAMP/htdocs/natashop/vendor/wfm/Router.php | Line: 59
=================
[2023-04-03 17:34:14] Error message: Page not found | File: /Applications/MAMP/htdocs/natashop/vendor/wfm/Router.php | Line: 59
=================
[2023-04-03 17:34:47] Error message: Page not found | File: /Applications/MAMP/htdocs/natashop/vendor/wfm/Router.php | Line: 59
=================
[2023-04-03 17:34:47] Error message: Page not found | File: /Applications/MAMP/htdocs/natashop/vendor/wfm/Router.php | Line: 59
=================
[2023-04-03 17:34:48] Error message: Page not found | File: /Applications/MAMP/htdocs/natashop/vendor/wfm/Router.php | Line: 59
=================
[2023-04-03 17:34:48] Error message: Page not found | File: /Applications/MAMP/htdocs/natashop/vendor/wfm/Router.php | Line: 59
=================
[2023-04-03 17:35:00] Error message: Page not found | File: /Applications/MAMP/htdocs/natashop/vendor/wfm/Router.php | Line: 59
=================
[2023-04-03 17:35:00] Error message: Page not found | File: /Applications/MAMP/htdocs/natashop/vendor/wfm/Router.php | Line: 59
=================
[2023-04-03 17:35:00] Error message: Page not found | File: /Applications/MAMP/htdocs/natashop/vendor/wfm/Router.php | Line: 59
=================
[2023-04-03 17:35:00] Error message: Page not found | File: /Applications/MAMP/htdocs/natashop/vendor/wfm/Router.php | Line: 59
=================
[2023-04-03 17:35:15] Error message: Page not found | File: /Applications/MAMP/htdocs/natashop/vendor/wfm/Router.php | Line: 59
=================
[2023-04-03 17:35:15] Error message: Page not found | File: /Applications/MAMP/htdocs/natashop/vendor/wfm/Router.php | Line: 59
=================
[2023-04-03 17:35:24] Error message: Page not found | File: /Applications/MAMP/htdocs/natashop/vendor/wfm/Router.php | Line: 59
=================
[2023-04-03 17:35:24] Error message: Page not found | File: /Applications/MAMP/htdocs/natashop/vendor/wfm/Router.php | Line: 59
=================
[2023-04-03 17:36:38] Error message: Page not found | File: /Applications/MAMP/htdocs/natashop/vendor/wfm/Router.php | Line: 59
=================
[2023-04-03 17:36:38] Error message: Page not found | File: /Applications/MAMP/htdocs/natashop/vendor/wfm/Router.php | Line: 59
=================
[2023-04-03 17:36:49] Error message: Page not found | File: /Applications/MAMP/htdocs/natashop/vendor/wfm/Router.php | Line: 59
=================
[2023-04-03 17:36:49] Error message: Page not found | File: /Applications/MAMP/htdocs/natashop/vendor/wfm/Router.php | Line: 59
=================
[2023-04-03 17:43:58] Error message: View not found /Applications/MAMP/htdocs/natashop/app/views/admin/Main/index.php | File: /Applications/MAMP/htdocs/natashop/vendor/wfm/View.php | Line: 34
=================
